<?xml version="1.0" encoding="UTF-8"?>
<!-- Generated by org.testng.reporters.JUnitReportReporter -->
<testsuite skipped="0" hostname="ip-172-31-9-88" name="test.Testcase1" tests="1" failures="0" timestamp="2021-02-24T09:29:52 UTC" time="10.329" errors="0">
  <testcase name="LoginTest" time="10.329" classname="test.Testcase1"/>
  <system-out/>
</testsuite> <!-- test.Testcase1 -->
